2021-02-24 13:59:41,113 - /python/flask_test/utils/logger.py[line:70] - INFO: 


		新启动运行T2021-02-24 13:59:41.113139



2021-02-24 14:00:02,135 - /python/flask_test/controller/send_request_test.py[line:29] - INFO: {'name': 'send1', 'id': '0', 'new_time': 1614146402.1352565, 'stop_time': '1', 'info': 'start'}
2021-02-24 14:00:03,512 - /python/flask_test/controller/send_request_test.py[line:33] - INFO: {'name': 'send1', 'id': '0', 'new_time': 1614146403.5124564, 'stop_time': '1', 'info': 'stop'}
2021-02-24 14:00:03,527 - /python/flask_test/controller/send_request_test.py[line:29] - INFO: {'name': 'send1', 'id': '1', 'new_time': 1614146403.5277128, 'stop_time': '1', 'info': 'start'}
2021-02-24 14:00:04,567 - /python/flask_test/controller/send_request_test.py[line:33] - INFO: {'name': 'send1', 'id': '1', 'new_time': 1614146404.5672698, 'stop_time': '1', 'info': 'stop'}
2021-02-24 14:00:04,586 - /python/flask_test/controller/send_request_test.py[line:29] - INFO: {'name': 'send1', 'id': '2', 'new_time': 1614146404.586474, 'stop_time': '1', 'info': 'start'}
2021-02-24 14:00:05,609 - /python/flask_test/controller/send_request_test.py[line:33] - INFO: {'name': 'send1', 'id': '2', 'new_time': 1614146405.6090145, 'stop_time': '1', 'info': 'stop'}
2021-02-24 14:00:05,623 - /python/flask_test/controller/send_request_test.py[line:29] - INFO: {'name': 'send1', 'id': '3', 'new_time': 1614146405.623434, 'stop_time': '1', 'info': 'start'}
2021-02-24 14:00:06,644 - /python/flask_test/controller/send_request_test.py[line:33] - INFO: {'name': 'send1', 'id': '3', 'new_time': 1614146406.6445425, 'stop_time': '1', 'info': 'stop'}
2021-02-24 14:00:06,660 - /python/flask_test/controller/send_request_test.py[line:29] - INFO: {'name': 'send1', 'id': '4', 'new_time': 1614146406.6602144, 'stop_time': '1', 'info': 'start'}
2021-02-24 14:00:07,677 - /python/flask_test/controller/send_request_test.py[line:33] - INFO: {'name': 'send1', 'id': '4', 'new_time': 1614146407.677085, 'stop_time': '1', 'info': 'stop'}
2021-02-24 14:00:07,691 - /python/flask_test/controller/send_request_test.py[line:29] - INFO: {'name': 'send1', 'id': '5', 'new_time': 1614146407.691428, 'stop_time': '1', 'info': 'start'}
2021-02-24 14:00:08,927 - /python/flask_test/controller/send_request_test.py[line:33] - INFO: {'name': 'send1', 'id': '5', 'new_time': 1614146408.927042, 'stop_time': '1', 'info': 'stop'}
2021-02-24 14:00:08,942 - /python/flask_test/controller/send_request_test.py[line:29] - INFO: {'name': 'send1', 'id': '6', 'new_time': 1614146408.9428518, 'stop_time': '1', 'info': 'start'}
2021-02-24 14:00:09,972 - /python/flask_test/controller/send_request_test.py[line:33] - INFO: {'name': 'send1', 'id': '6', 'new_time': 1614146409.9726117, 'stop_time': '1', 'info': 'stop'}
2021-02-24 14:00:10,000 - /python/flask_test/controller/send_request_test.py[line:29] - INFO: {'name': 'send1', 'id': '7', 'new_time': 1614146410.0005271, 'stop_time': '1', 'info': 'start'}
2021-02-24 14:00:11,035 - /python/flask_test/controller/send_request_test.py[line:33] - INFO: {'name': 'send1', 'id': '7', 'new_time': 1614146411.035121, 'stop_time': '1', 'info': 'stop'}
2021-02-24 14:00:11,054 - /python/flask_test/controller/send_request_test.py[line:29] - INFO: {'name': 'send1', 'id': '8', 'new_time': 1614146411.0546916, 'stop_time': '1', 'info': 'start'}
2021-02-24 14:00:12,085 - /python/flask_test/controller/send_request_test.py[line:33] - INFO: {'name': 'send1', 'id': '8', 'new_time': 1614146412.0853288, 'stop_time': '1', 'info': 'stop'}
2021-02-24 14:00:12,100 - /python/flask_test/controller/send_request_test.py[line:29] - INFO: {'name': 'send1', 'id': '9', 'new_time': 1614146412.1006455, 'stop_time': '1', 'info': 'start'}
2021-02-24 14:00:13,158 - /python/flask_test/controller/send_request_test.py[line:33] - INFO: {'name': 'send1', 'id': '9', 'new_time': 1614146413.1581771, 'stop_time': '1', 'info': 'stop'}
2021-02-24 14:00:13,180 - /python/flask_test/controller/send_request_test.py[line:29] - INFO: {'name': 'send1', 'id': '10', 'new_time': 1614146413.180183, 'stop_time': '1', 'info': 'start'}
2021-02-24 14:00:14,228 - /python/flask_test/controller/send_request_test.py[line:33] - INFO: {'name': 'send1', 'id': '10', 'new_time': 1614146414.228369, 'stop_time': '1', 'info': 'stop'}
2021-02-24 14:00:14,248 - /python/flask_test/controller/send_request_test.py[line:29] - INFO: {'name': 'send1', 'id': '11', 'new_time': 1614146414.2486632, 'stop_time': '1', 'info': 'start'}
2021-02-24 14:00:15,293 - /python/flask_test/controller/send_request_test.py[line:33] - INFO: {'name': 'send1', 'id': '11', 'new_time': 1614146415.2938044, 'stop_time': '1', 'info': 'stop'}
2021-02-24 14:00:15,312 - /python/flask_test/controller/send_request_test.py[line:29] - INFO: {'name': 'send1', 'id': '12', 'new_time': 1614146415.312158, 'stop_time': '1', 'info': 'start'}
2021-02-24 14:00:16,336 - /python/flask_test/controller/send_request_test.py[line:33] - INFO: {'name': 'send1', 'id': '12', 'new_time': 1614146416.3361611, 'stop_time': '1', 'info': 'stop'}
2021-02-24 14:00:16,350 - /python/flask_test/controller/send_request_test.py[line:29] - INFO: {'name': 'send1', 'id': '13', 'new_time': 1614146416.350742, 'stop_time': '1', 'info': 'start'}
2021-02-24 14:00:16,747 - /python/flask_test/controller/send_request_test.py[line:29] - INFO: {'name': 'send2', 'id': '1000', 'new_time': 1614146416.7473397, 'stop_time': '0', 'info': 'start'}
2021-02-24 14:00:16,777 - /python/flask_test/controller/send_request_test.py[line:33] - INFO: {'name': 'send2', 'id': '1000', 'new_time': 1614146416.7771297, 'stop_time': '0', 'info': 'stop'}
2021-02-24 14:00:16,792 - /python/flask_test/controller/send_request_test.py[line:29] - INFO: {'name': 'send2', 'id': '1001', 'new_time': 1614146416.792479, 'stop_time': '0', 'info': 'start'}
2021-02-24 14:00:16,818 - /python/flask_test/controller/send_request_test.py[line:33] - INFO: {'name': 'send2', 'id': '1001', 'new_time': 1614146416.8180108, 'stop_time': '0', 'info': 'stop'}
2021-02-24 14:00:16,834 - /python/flask_test/controller/send_request_test.py[line:29] - INFO: {'name': 'send2', 'id': '1002', 'new_time': 1614146416.8342373, 'stop_time': '0', 'info': 'start'}
2021-02-24 14:00:16,860 - /python/flask_test/controller/send_request_test.py[line:33] - INFO: {'name': 'send2', 'id': '1002', 'new_time': 1614146416.8602269, 'stop_time': '0', 'info': 'stop'}
2021-02-24 14:00:16,874 - /python/flask_test/controller/send_request_test.py[line:29] - INFO: {'name': 'send2', 'id': '1003', 'new_time': 1614146416.8747618, 'stop_time': '0', 'info': 'start'}
2021-02-24 14:00:16,899 - /python/flask_test/controller/send_request_test.py[line:33] - INFO: {'name': 'send2', 'id': '1003', 'new_time': 1614146416.899243, 'stop_time': '0', 'info': 'stop'}
2021-02-24 14:00:16,915 - /python/flask_test/controller/send_request_test.py[line:29] - INFO: {'name': 'send2', 'id': '1004', 'new_time': 1614146416.9151263, 'stop_time': '0', 'info': 'start'}
2021-02-24 14:00:16,933 - /python/flask_test/controller/send_request_test.py[line:33] - INFO: {'name': 'send2', 'id': '1004', 'new_time': 1614146416.9339213, 'stop_time': '0', 'info': 'stop'}
2021-02-24 14:00:16,950 - /python/flask_test/controller/send_request_test.py[line:29] - INFO: {'name': 'send2', 'id': '1005', 'new_time': 1614146416.9509144, 'stop_time': '0', 'info': 'start'}
2021-02-24 14:00:16,974 - /python/flask_test/controller/send_request_test.py[line:33] - INFO: {'name': 'send2', 'id': '1005', 'new_time': 1614146416.9740126, 'stop_time': '0', 'info': 'stop'}
2021-02-24 14:00:16,994 - /python/flask_test/controller/send_request_test.py[line:29] - INFO: {'name': 'send2', 'id': '1006', 'new_time': 1614146416.9943218, 'stop_time': '0', 'info': 'start'}
2021-02-24 14:00:17,012 - /python/flask_test/controller/send_request_test.py[line:33] - INFO: {'name': 'send2', 'id': '1006', 'new_time': 1614146417.0128536, 'stop_time': '0', 'info': 'stop'}
2021-02-24 14:00:17,029 - /python/flask_test/controller/send_request_test.py[line:29] - INFO: {'name': 'send2', 'id': '1007', 'new_time': 1614146417.029473, 'stop_time': '0', 'info': 'start'}
2021-02-24 14:00:17,057 - /python/flask_test/controller/send_request_test.py[line:33] - INFO: {'name': 'send2', 'id': '1007', 'new_time': 1614146417.0571504, 'stop_time': '0', 'info': 'stop'}
2021-02-24 14:00:17,073 - /python/flask_test/controller/send_request_test.py[line:29] - INFO: {'name': 'send2', 'id': '1008', 'new_time': 1614146417.073831, 'stop_time': '0', 'info': 'start'}
2021-02-24 14:00:17,101 - /python/flask_test/controller/send_request_test.py[line:33] - INFO: {'name': 'send2', 'id': '1008', 'new_time': 1614146417.1017747, 'stop_time': '0', 'info': 'stop'}
2021-02-24 14:00:17,118 - /python/flask_test/controller/send_request_test.py[line:29] - INFO: {'name': 'send2', 'id': '1009', 'new_time': 1614146417.1182992, 'stop_time': '0', 'info': 'start'}
2021-02-24 14:00:17,142 - /python/flask_test/controller/send_request_test.py[line:33] - INFO: {'name': 'send2', 'id': '1009', 'new_time': 1614146417.1423614, 'stop_time': '0', 'info': 'stop'}
2021-02-24 14:00:17,156 - /python/flask_test/controller/send_request_test.py[line:29] - INFO: {'name': 'send2', 'id': '1010', 'new_time': 1614146417.156709, 'stop_time': '0', 'info': 'start'}
2021-02-24 14:00:17,391 - /python/flask_test/controller/send_request_test.py[line:33] - INFO: {'name': 'send2', 'id': '1010', 'new_time': 1614146417.3916337, 'stop_time': '0', 'info': 'stop'}
2021-02-24 14:00:17,400 - /python/flask_test/controller/send_request_test.py[line:33] - INFO: {'name': 'send1', 'id': '13', 'new_time': 1614146417.4001293, 'stop_time': '1', 'info': 'stop'}
2021-02-24 14:00:17,419 - /python/flask_test/controller/send_request_test.py[line:29] - INFO: {'name': 'send2', 'id': '1011', 'new_time': 1614146417.4197223, 'stop_time': '0', 'info': 'start'}
2021-02-24 14:00:17,421 - /python/flask_test/controller/send_request_test.py[line:29] - INFO: {'name': 'send1', 'id': '14', 'new_time': 1614146417.4210792, 'stop_time': '1', 'info': 'start'}
2021-02-24 14:00:17,442 - /python/flask_test/controller/send_request_test.py[line:33] - INFO: {'name': 'send2', 'id': '1011', 'new_time': 1614146417.4423103, 'stop_time': '0', 'info': 'stop'}
2021-02-24 14:00:17,459 - /python/flask_test/controller/send_request_test.py[line:29] - INFO: {'name': 'send2', 'id': '1012', 'new_time': 1614146417.4593143, 'stop_time': '0', 'info': 'start'}
2021-02-24 14:00:17,481 - /python/flask_test/controller/send_request_test.py[line:33] - INFO: {'name': 'send2', 'id': '1012', 'new_time': 1614146417.4813695, 'stop_time': '0', 'info': 'stop'}
2021-02-24 14:00:17,498 - /python/flask_test/controller/send_request_test.py[line:29] - INFO: {'name': 'send2', 'id': '1013', 'new_time': 1614146417.4981124, 'stop_time': '0', 'info': 'start'}
2021-02-24 14:00:17,533 - /python/flask_test/controller/send_request_test.py[line:33] - INFO: {'name': 'send2', 'id': '1013', 'new_time': 1614146417.5335472, 'stop_time': '0', 'info': 'stop'}
2021-02-24 14:00:17,548 - /python/flask_test/controller/send_request_test.py[line:29] - INFO: {'name': 'send2', 'id': '1014', 'new_time': 1614146417.5486882, 'stop_time': '0', 'info': 'start'}
2021-02-24 14:00:17,562 - /python/flask_test/controller/send_request_test.py[line:33] - INFO: {'name': 'send2', 'id': '1014', 'new_time': 1614146417.5629542, 'stop_time': '0', 'info': 'stop'}
2021-02-24 14:00:17,578 - /python/flask_test/controller/send_request_test.py[line:29] - INFO: {'name': 'send2', 'id': '1015', 'new_time': 1614146417.5789657, 'stop_time': '0', 'info': 'start'}
2021-02-24 14:00:17,623 - /python/flask_test/controller/send_request_test.py[line:33] - INFO: {'name': 'send2', 'id': '1015', 'new_time': 1614146417.623471, 'stop_time': '0', 'info': 'stop'}
2021-02-24 14:00:17,641 - /python/flask_test/controller/send_request_test.py[line:29] - INFO: {'name': 'send2', 'id': '1016', 'new_time': 1614146417.641524, 'stop_time': '0', 'info': 'start'}
2021-02-24 14:00:17,877 - /python/flask_test/controller/send_request_test.py[line:33] - INFO: {'name': 'send2', 'id': '1016', 'new_time': 1614146417.8770747, 'stop_time': '0', 'info': 'stop'}
2021-02-24 14:00:17,893 - /python/flask_test/controller/send_request_test.py[line:29] - INFO: {'name': 'send2', 'id': '1017', 'new_time': 1614146417.8934276, 'stop_time': '0', 'info': 'start'}
2021-02-24 14:00:17,918 - /python/flask_test/controller/send_request_test.py[line:33] - INFO: {'name': 'send2', 'id': '1017', 'new_time': 1614146417.918429, 'stop_time': '0', 'info': 'stop'}
2021-02-24 14:00:17,934 - /python/flask_test/controller/send_request_test.py[line:29] - INFO: {'name': 'send2', 'id': '1018', 'new_time': 1614146417.9340692, 'stop_time': '0', 'info': 'start'}
2021-02-24 14:00:17,954 - /python/flask_test/controller/send_request_test.py[line:33] - INFO: {'name': 'send2', 'id': '1018', 'new_time': 1614146417.9545047, 'stop_time': '0', 'info': 'stop'}
2021-02-24 14:00:17,969 - /python/flask_test/controller/send_request_test.py[line:29] - INFO: {'name': 'send2', 'id': '1019', 'new_time': 1614146417.9692142, 'stop_time': '0', 'info': 'start'}
2021-02-24 14:00:17,993 - /python/flask_test/controller/send_request_test.py[line:33] - INFO: {'name': 'send2', 'id': '1019', 'new_time': 1614146417.9936965, 'stop_time': '0', 'info': 'stop'}
2021-02-24 14:00:18,007 - /python/flask_test/controller/send_request_test.py[line:29] - INFO: {'name': 'send2', 'id': '1020', 'new_time': 1614146418.0074446, 'stop_time': '0', 'info': 'start'}
2021-02-24 14:00:18,244 - /python/flask_test/controller/send_request_test.py[line:33] - INFO: {'name': 'send2', 'id': '1020', 'new_time': 1614146418.2444375, 'stop_time': '0', 'info': 'stop'}
2021-02-24 14:00:18,261 - /python/flask_test/controller/send_request_test.py[line:29] - INFO: {'name': 'send2', 'id': '1021', 'new_time': 1614146418.2613492, 'stop_time': '0', 'info': 'start'}
2021-02-24 14:00:18,282 - /python/flask_test/controller/send_request_test.py[line:33] - INFO: {'name': 'send2', 'id': '1021', 'new_time': 1614146418.282446, 'stop_time': '0', 'info': 'stop'}
2021-02-24 14:00:18,296 - /python/flask_test/controller/send_request_test.py[line:29] - INFO: {'name': 'send2', 'id': '1022', 'new_time': 1614146418.296787, 'stop_time': '0', 'info': 'start'}
2021-02-24 14:00:18,317 - /python/flask_test/controller/send_request_test.py[line:33] - INFO: {'name': 'send2', 'id': '1022', 'new_time': 1614146418.3173387, 'stop_time': '0', 'info': 'stop'}
2021-02-24 14:00:18,331 - /python/flask_test/controller/send_request_test.py[line:29] - INFO: {'name': 'send2', 'id': '1023', 'new_time': 1614146418.331639, 'stop_time': '0', 'info': 'start'}
2021-02-24 14:00:18,361 - /python/flask_test/controller/send_request_test.py[line:33] - INFO: {'name': 'send2', 'id': '1023', 'new_time': 1614146418.361808, 'stop_time': '0', 'info': 'stop'}
2021-02-24 14:00:18,380 - /python/flask_test/controller/send_request_test.py[line:29] - INFO: {'name': 'send2', 'id': '1024', 'new_time': 1614146418.3803966, 'stop_time': '0', 'info': 'start'}
2021-02-24 14:00:18,401 - /python/flask_test/controller/send_request_test.py[line:33] - INFO: {'name': 'send2', 'id': '1024', 'new_time': 1614146418.401808, 'stop_time': '0', 'info': 'stop'}
2021-02-24 14:00:18,415 - /python/flask_test/controller/send_request_test.py[line:29] - INFO: {'name': 'send2', 'id': '1025', 'new_time': 1614146418.4158132, 'stop_time': '0', 'info': 'start'}
2021-02-24 14:00:18,452 - /python/flask_test/controller/send_request_test.py[line:29] - INFO: {'name': 'send3', 'id': '2000', 'new_time': 1614146418.4523845, 'stop_time': '0', 'info': 'start'}
2021-02-24 14:00:18,457 - /python/flask_test/controller/send_request_test.py[line:33] - INFO: {'name': 'send1', 'id': '14', 'new_time': 1614146418.4578998, 'stop_time': '1', 'info': 'stop'}
2021-02-24 14:00:18,459 - /python/flask_test/controller/send_request_test.py[line:33] - INFO: {'name': 'send2', 'id': '1025', 'new_time': 1614146418.459921, 'stop_time': '0', 'info': 'stop'}
2021-02-24 14:00:18,475 - /python/flask_test/controller/send_request_test.py[line:29] - INFO: {'name': 'send1', 'id': '15', 'new_time': 1614146418.4755526, 'stop_time': '1', 'info': 'start'}
2021-02-24 14:00:18,477 - /python/flask_test/controller/send_request_test.py[line:29] - INFO: {'name': 'send2', 'id': '1026', 'new_time': 1614146418.4774518, 'stop_time': '0', 'info': 'start'}
2021-02-24 14:00:18,512 - /python/flask_test/controller/send_request_test.py[line:33] - INFO: {'name': 'send2', 'id': '1026', 'new_time': 1614146418.5121078, 'stop_time': '0', 'info': 'stop'}
2021-02-24 14:00:18,530 - /python/flask_test/controller/send_request_test.py[line:33] - INFO: {'name': 'send3', 'id': '2000', 'new_time': 1614146418.5300252, 'stop_time': '0', 'info': 'stop'}
2021-02-24 14:00:18,532 - /python/flask_test/controller/send_request_test.py[line:29] - INFO: {'name': 'send2', 'id': '1027', 'new_time': 1614146418.5320034, 'stop_time': '0', 'info': 'start'}
2021-02-24 14:00:18,545 - /python/flask_test/controller/send_request_test.py[line:29] - INFO: {'name': 'send3', 'id': '2001', 'new_time': 1614146418.5458658, 'stop_time': '0', 'info': 'start'}
2021-02-24 14:00:18,551 - /python/flask_test/controller/send_request_test.py[line:33] - INFO: {'name': 'send2', 'id': '1027', 'new_time': 1614146418.5517304, 'stop_time': '0', 'info': 'stop'}
2021-02-24 14:00:18,560 - /python/flask_test/controller/send_request_test.py[line:33] - INFO: {'name': 'send3', 'id': '2001', 'new_time': 1614146418.5600135, 'stop_time': '0', 'info': 'stop'}
2021-02-24 14:00:18,565 - /python/flask_test/controller/send_request_test.py[line:29] - INFO: {'name': 'send2', 'id': '1028', 'new_time': 1614146418.565919, 'stop_time': '0', 'info': 'start'}
2021-02-24 14:00:18,578 - /python/flask_test/controller/send_request_test.py[line:29] - INFO: {'name': 'send3', 'id': '2002', 'new_time': 1614146418.5786896, 'stop_time': '0', 'info': 'start'}
2021-02-24 14:00:18,592 - /python/flask_test/controller/send_request_test.py[line:33] - INFO: {'name': 'send3', 'id': '2002', 'new_time': 1614146418.592517, 'stop_time': '0', 'info': 'stop'}
2021-02-24 14:00:18,608 - /python/flask_test/controller/send_request_test.py[line:29] - INFO: {'name': 'send3', 'id': '2003', 'new_time': 1614146418.6083567, 'stop_time': '0', 'info': 'start'}
2021-02-24 14:00:18,634 - /python/flask_test/controller/send_request_test.py[line:33] - INFO: {'name': 'send3', 'id': '2003', 'new_time': 1614146418.634266, 'stop_time': '0', 'info': 'stop'}
2021-02-24 14:00:18,649 - /python/flask_test/controller/send_request_test.py[line:29] - INFO: {'name': 'send3', 'id': '2004', 'new_time': 1614146418.64929, 'stop_time': '0', 'info': 'start'}
2021-02-24 14:00:18,891 - /python/flask_test/controller/send_request_test.py[line:33] - INFO: {'name': 'send3', 'id': '2004', 'new_time': 1614146418.8919368, 'stop_time': '0', 'info': 'stop'}
2021-02-24 14:00:18,907 - /python/flask_test/controller/send_request_test.py[line:29] - INFO: {'name': 'send3', 'id': '2005', 'new_time': 1614146418.907189, 'stop_time': '0', 'info': 'start'}
2021-02-24 14:00:18,926 - /python/flask_test/controller/send_request_test.py[line:33] - INFO: {'name': 'send3', 'id': '2005', 'new_time': 1614146418.9264421, 'stop_time': '0', 'info': 'stop'}
2021-02-24 14:00:18,941 - /python/flask_test/controller/send_request_test.py[line:29] - INFO: {'name': 'send3', 'id': '2006', 'new_time': 1614146418.9417896, 'stop_time': '0', 'info': 'start'}
2021-02-24 14:00:19,181 - /python/flask_test/controller/send_request_test.py[line:33] - INFO: {'name': 'send3', 'id': '2006', 'new_time': 1614146419.1817222, 'stop_time': '0', 'info': 'stop'}
2021-02-24 14:00:19,197 - /python/flask_test/controller/send_request_test.py[line:29] - INFO: {'name': 'send3', 'id': '2007', 'new_time': 1614146419.1979494, 'stop_time': '0', 'info': 'start'}
2021-02-24 14:00:19,211 - /python/flask_test/controller/send_request_test.py[line:33] - INFO: {'name': 'send3', 'id': '2007', 'new_time': 1614146419.2115452, 'stop_time': '0', 'info': 'stop'}
2021-02-24 14:00:19,218 - /python/flask_test/controller/send_request_test.py[line:33] - INFO: {'name': 'send2', 'id': '1028', 'new_time': 1614146419.2188654, 'stop_time': '0', 'info': 'stop'}
2021-02-24 14:00:19,227 - /python/flask_test/controller/send_request_test.py[line:29] - INFO: {'name': 'send3', 'id': '2008', 'new_time': 1614146419.227205, 'stop_time': '0', 'info': 'start'}
2021-02-24 14:00:19,236 - /python/flask_test/controller/send_request_test.py[line:29] - INFO: {'name': 'send2', 'id': '1029', 'new_time': 1614146419.2363768, 'stop_time': '0', 'info': 'start'}
2021-02-24 14:00:19,250 - /python/flask_test/controller/send_request_test.py[line:33] - INFO: {'name': 'send2', 'id': '1029', 'new_time': 1614146419.2507396, 'stop_time': '0', 'info': 'stop'}
2021-02-24 14:00:19,266 - /python/flask_test/controller/send_request_test.py[line:29] - INFO: {'name': 'send2', 'id': '1030', 'new_time': 1614146419.2661068, 'stop_time': '0', 'info': 'start'}
2021-02-24 14:00:19,454 - /python/flask_test/controller/send_request_test.py[line:33] - INFO: {'name': 'send3', 'id': '2008', 'new_time': 1614146419.4546657, 'stop_time': '0', 'info': 'stop'}
2021-02-24 14:00:19,470 - /python/flask_test/controller/send_request_test.py[line:29] - INFO: {'name': 'send3', 'id': '2009', 'new_time': 1614146419.4702356, 'stop_time': '0', 'info': 'start'}
2021-02-24 14:00:19,496 - /python/flask_test/controller/send_request_test.py[line:33] - INFO: {'name': 'send3', 'id': '2009', 'new_time': 1614146419.4961078, 'stop_time': '0', 'info': 'stop'}
2021-02-24 14:00:19,518 - /python/flask_test/controller/send_request_test.py[line:29] - INFO: {'name': 'send3', 'id': '2010', 'new_time': 1614146419.5182016, 'stop_time': '0', 'info': 'start'}
2021-02-24 14:00:19,620 - /python/flask_test/controller/send_request_test.py[line:33] - INFO: {'name': 'send3', 'id': '2010', 'new_time': 1614146419.6208687, 'stop_time': '0', 'info': 'stop'}
2021-02-24 14:00:19,635 - /python/flask_test/controller/send_request_test.py[line:29] - INFO: {'name': 'send3', 'id': '2011', 'new_time': 1614146419.6351004, 'stop_time': '0', 'info': 'start'}
2021-02-24 14:00:19,655 - /python/flask_test/controller/send_request_test.py[line:33] - INFO: {'name': 'send3', 'id': '2011', 'new_time': 1614146419.6556094, 'stop_time': '0', 'info': 'stop'}
2021-02-24 14:00:19,670 - /python/flask_test/controller/send_request_test.py[line:29] - INFO: {'name': 'send3', 'id': '2012', 'new_time': 1614146419.669997, 'stop_time': '0', 'info': 'start'}
2021-02-24 14:00:19,694 - /python/flask_test/controller/send_request_test.py[line:33] - INFO: {'name': 'send3', 'id': '2012', 'new_time': 1614146419.6940045, 'stop_time': '0', 'info': 'stop'}
2021-02-24 14:00:19,709 - /python/flask_test/controller/send_request_test.py[line:29] - INFO: {'name': 'send3', 'id': '2013', 'new_time': 1614146419.7096415, 'stop_time': '0', 'info': 'start'}
2021-02-24 14:00:19,720 - /python/flask_test/controller/send_request_test.py[line:33] - INFO: {'name': 'send1', 'id': '15', 'new_time': 1614146419.720269, 'stop_time': '1', 'info': 'stop'}
2021-02-24 14:00:19,735 - /python/flask_test/controller/send_request_test.py[line:33] - INFO: {'name': 'send3', 'id': '2013', 'new_time': 1614146419.7356772, 'stop_time': '0', 'info': 'stop'}
2021-02-24 14:00:19,758 - /python/flask_test/controller/send_request_test.py[line:29] - INFO: {'name': 'send1', 'id': '16', 'new_time': 1614146419.7587733, 'stop_time': '1', 'info': 'start'}
2021-02-24 14:00:19,765 - /python/flask_test/controller/send_request_test.py[line:29] - INFO: {'name': 'send3', 'id': '2014', 'new_time': 1614146419.76536, 'stop_time': '0', 'info': 'start'}
2021-02-24 14:00:19,922 - /python/flask_test/controller/send_request_test.py[line:33] - INFO: {'name': 'send2', 'id': '1030', 'new_time': 1614146419.9222026, 'stop_time': '0', 'info': 'stop'}
2021-02-24 14:00:19,997 - /python/flask_test/controller/send_request_test.py[line:33] - INFO: {'name': 'send3', 'id': '2014', 'new_time': 1614146419.9977477, 'stop_time': '0', 'info': 'stop'}
2021-02-24 14:00:20,014 - /python/flask_test/controller/send_request_test.py[line:29] - INFO: {'name': 'send3', 'id': '2015', 'new_time': 1614146420.0141332, 'stop_time': '0', 'info': 'start'}
2021-02-24 14:00:20,029 - /python/flask_test/controller/send_request_test.py[line:33] - INFO: {'name': 'send3', 'id': '2015', 'new_time': 1614146420.029839, 'stop_time': '0', 'info': 'stop'}
2021-02-24 14:00:20,043 - /python/flask_test/controller/send_request_test.py[line:29] - INFO: {'name': 'send3', 'id': '2016', 'new_time': 1614146420.043399, 'stop_time': '0', 'info': 'start'}
2021-02-24 14:00:20,151 - /python/flask_test/controller/send_request_test.py[line:29] - INFO: {'name': 'send2', 'id': '1031', 'new_time': 1614146420.1517065, 'stop_time': '0', 'info': 'start'}
2021-02-24 14:00:20,169 - /python/flask_test/controller/send_request_test.py[line:33] - INFO: {'name': 'send2', 'id': '1031', 'new_time': 1614146420.1691062, 'stop_time': '0', 'info': 'stop'}
2021-02-24 14:00:20,184 - /python/flask_test/controller/send_request_test.py[line:29] - INFO: {'name': 'send2', 'id': '1032', 'new_time': 1614146420.1839833, 'stop_time': '0', 'info': 'start'}
2021-02-24 14:00:20,206 - /python/flask_test/controller/send_request_test.py[line:33] - INFO: {'name': 'send2', 'id': '1032', 'new_time': 1614146420.2061257, 'stop_time': '0', 'info': 'stop'}
2021-02-24 14:00:20,224 - /python/flask_test/controller/send_request_test.py[line:29] - INFO: {'name': 'send2', 'id': '1033', 'new_time': 1614146420.2249558, 'stop_time': '0', 'info': 'start'}
2021-02-24 14:00:20,238 - /python/flask_test/controller/send_request_test.py[line:33] - INFO: {'name': 'send2', 'id': '1033', 'new_time': 1614146420.2389195, 'stop_time': '0', 'info': 'stop'}
2021-02-24 14:00:20,255 - /python/flask_test/controller/send_request_test.py[line:29] - INFO: {'name': 'send2', 'id': '1034', 'new_time': 1614146420.2554972, 'stop_time': '0', 'info': 'start'}
2021-02-24 14:00:20,276 - /python/flask_test/controller/send_request_test.py[line:33] - INFO: {'name': 'send2', 'id': '1034', 'new_time': 1614146420.2762463, 'stop_time': '0', 'info': 'stop'}
2021-02-24 14:00:20,279 - /python/flask_test/controller/send_request_test.py[line:33] - INFO: {'name': 'send3', 'id': '2016', 'new_time': 1614146420.279715, 'stop_time': '0', 'info': 'stop'}
2021-02-24 14:00:20,292 - /python/flask_test/controller/send_request_test.py[line:29] - INFO: {'name': 'send2', 'id': '1035', 'new_time': 1614146420.292094, 'stop_time': '0', 'info': 'start'}
2021-02-24 14:00:20,296 - /python/flask_test/controller/send_request_test.py[line:29] - INFO: {'name': 'send3', 'id': '2017', 'new_time': 1614146420.2962458, 'stop_time': '0', 'info': 'start'}
2021-02-24 14:00:20,306 - /python/flask_test/controller/send_request_test.py[line:33] - INFO: {'name': 'send2', 'id': '1035', 'new_time': 1614146420.3062944, 'stop_time': '0', 'info': 'stop'}
2021-02-24 14:00:20,309 - /python/flask_test/controller/send_request_test.py[line:33] - INFO: {'name': 'send3', 'id': '2017', 'new_time': 1614146420.309184, 'stop_time': '0', 'info': 'stop'}
2021-02-24 14:00:20,323 - /python/flask_test/controller/send_request_test.py[line:29] - INFO: {'name': 'send2', 'id': '1036', 'new_time': 1614146420.323614, 'stop_time': '0', 'info': 'start'}
2021-02-24 14:00:20,532 - /python/flask_test/controller/send_request_test.py[line:29] - INFO: {'name': 'send3', 'id': '2018', 'new_time': 1614146420.5327547, 'stop_time': '0', 'info': 'start'}
2021-02-24 14:00:20,550 - /python/flask_test/controller/send_request_test.py[line:33] - INFO: {'name': 'send3', 'id': '2018', 'new_time': 1614146420.5504737, 'stop_time': '0', 'info': 'stop'}
2021-02-24 14:00:20,564 - /python/flask_test/controller/send_request_test.py[line:29] - INFO: {'name': 'send3', 'id': '2019', 'new_time': 1614146420.564783, 'stop_time': '0', 'info': 'start'}
2021-02-24 14:00:20,789 - /python/flask_test/controller/send_request_test.py[line:33] - INFO: {'name': 'send1', 'id': '16', 'new_time': 1614146420.7895923, 'stop_time': '1', 'info': 'stop'}
2021-02-24 14:00:20,795 - /python/flask_test/controller/send_request_test.py[line:33] - INFO: {'name': 'send3', 'id': '2019', 'new_time': 1614146420.7953408, 'stop_time': '0', 'info': 'stop'}
2021-02-24 14:00:20,804 - /python/flask_test/controller/send_request_test.py[line:29] - INFO: {'name': 'send1', 'id': '17', 'new_time': 1614146420.8046854, 'stop_time': '1', 'info': 'start'}
2021-02-24 14:00:20,823 - /python/flask_test/controller/send_request_test.py[line:29] - INFO: {'name': 'send3', 'id': '2020', 'new_time': 1614146420.8238633, 'stop_time': '0', 'info': 'start'}
2021-02-24 14:00:20,842 - /python/flask_test/controller/send_request_test.py[line:33] - INFO: {'name': 'send3', 'id': '2020', 'new_time': 1614146420.8429167, 'stop_time': '0', 'info': 'stop'}
2021-02-24 14:00:20,858 - /python/flask_test/controller/send_request_test.py[line:29] - INFO: {'name': 'send3', 'id': '2021', 'new_time': 1614146420.8580396, 'stop_time': '0', 'info': 'start'}
2021-02-24 14:00:20,876 - /python/flask_test/controller/send_request_test.py[line:33] - INFO: {'name': 'send3', 'id': '2021', 'new_time': 1614146420.87659, 'stop_time': '0', 'info': 'stop'}
2021-02-24 14:00:20,891 - /python/flask_test/controller/send_request_test.py[line:29] - INFO: {'name': 'send3', 'id': '2022', 'new_time': 1614146420.8918371, 'stop_time': '0', 'info': 'start'}
2021-02-24 14:00:20,906 - /python/flask_test/controller/send_request_test.py[line:33] - INFO: {'name': 'send3', 'id': '2022', 'new_time': 1614146420.9061363, 'stop_time': '0', 'info': 'stop'}
2021-02-24 14:00:20,919 - /python/flask_test/controller/send_request_test.py[line:29] - INFO: {'name': 'send3', 'id': '2023', 'new_time': 1614146420.9199321, 'stop_time': '0', 'info': 'start'}
2021-02-24 14:00:20,933 - /python/flask_test/controller/send_request_test.py[line:33] - INFO: {'name': 'send3', 'id': '2023', 'new_time': 1614146420.9331763, 'stop_time': '0', 'info': 'stop'}
2021-02-24 14:00:20,948 - /python/flask_test/controller/send_request_test.py[line:29] - INFO: {'name': 'send3', 'id': '2024', 'new_time': 1614146420.948101, 'stop_time': '0', 'info': 'start'}
2021-02-24 14:00:20,972 - /python/flask_test/controller/send_request_test.py[line:33] - INFO: {'name': 'send2', 'id': '1036', 'new_time': 1614146420.9724147, 'stop_time': '0', 'info': 'stop'}
2021-02-24 14:00:20,985 - /python/flask_test/controller/send_request_test.py[line:29] - INFO: {'name': 'send2', 'id': '1037', 'new_time': 1614146420.9859087, 'stop_time': '0', 'info': 'start'}
2021-02-24 14:00:21,008 - /python/flask_test/controller/send_request_test.py[line:33] - INFO: {'name': 'send2', 'id': '1037', 'new_time': 1614146421.0085824, 'stop_time': '0', 'info': 'stop'}
2021-02-24 14:00:21,024 - /python/flask_test/controller/send_request_test.py[line:29] - INFO: {'name': 'send2', 'id': '1038', 'new_time': 1614146421.0245984, 'stop_time': '0', 'info': 'start'}
2021-02-24 14:00:21,190 - /python/flask_test/controller/send_request_test.py[line:33] - INFO: {'name': 'send3', 'id': '2024', 'new_time': 1614146421.1899686, 'stop_time': '0', 'info': 'stop'}
2021-02-24 14:00:21,206 - /python/flask_test/controller/send_request_test.py[line:29] - INFO: {'name': 'send3', 'id': '2025', 'new_time': 1614146421.206627, 'stop_time': '0', 'info': 'start'}
2021-02-24 14:00:21,249 - /python/flask_test/controller/send_request_test.py[line:33] - INFO: {'name': 'send2', 'id': '1038', 'new_time': 1614146421.2494576, 'stop_time': '0', 'info': 'stop'}
2021-02-24 14:00:21,254 - /python/flask_test/controller/send_request_test.py[line:33] - INFO: {'name': 'send3', 'id': '2025', 'new_time': 1614146421.2546299, 'stop_time': '0', 'info': 'stop'}
2021-02-24 14:00:21,269 - /python/flask_test/controller/send_request_test.py[line:29] - INFO: {'name': 'send2', 'id': '1039', 'new_time': 1614146421.2699292, 'stop_time': '0', 'info': 'start'}
2021-02-24 14:00:21,274 - /python/flask_test/controller/send_request_test.py[line:29] - INFO: {'name': 'send3', 'id': '2026', 'new_time': 1614146421.2741225, 'stop_time': '0', 'info': 'start'}
2021-02-24 14:00:21,284 - /python/flask_test/controller/send_request_test.py[line:33] - INFO: {'name': 'send2', 'id': '1039', 'new_time': 1614146421.2845895, 'stop_time': '0', 'info': 'stop'}
2021-02-24 14:00:21,287 - /python/flask_test/controller/send_request_test.py[line:33] - INFO: {'name': 'send3', 'id': '2026', 'new_time': 1614146421.2873745, 'stop_time': '0', 'info': 'stop'}
2021-02-24 14:00:21,301 - /python/flask_test/controller/send_request_test.py[line:29] - INFO: {'name': 'send2', 'id': '1040', 'new_time': 1614146421.301699, 'stop_time': '0', 'info': 'start'}
2021-02-24 14:00:21,305 - /python/flask_test/controller/send_request_test.py[line:29] - INFO: {'name': 'send3', 'id': '2027', 'new_time': 1614146421.3058174, 'stop_time': '0', 'info': 'start'}
2021-02-24 14:00:21,323 - /python/flask_test/controller/send_request_test.py[line:33] - INFO: {'name': 'send2', 'id': '1040', 'new_time': 1614146421.323405, 'stop_time': '0', 'info': 'stop'}
2021-02-24 14:00:21,326 - /python/flask_test/controller/send_request_test.py[line:33] - INFO: {'name': 'send3', 'id': '2027', 'new_time': 1614146421.326595, 'stop_time': '0', 'info': 'stop'}
2021-02-24 14:00:21,342 - /python/flask_test/controller/send_request_test.py[line:29] - INFO: {'name': 'send2', 'id': '1041', 'new_time': 1614146421.3421698, 'stop_time': '0', 'info': 'start'}
2021-02-24 14:00:21,346 - /python/flask_test/controller/send_request_test.py[line:29] - INFO: {'name': 'send3', 'id': '2028', 'new_time': 1614146421.3463092, 'stop_time': '0', 'info': 'start'}
2021-02-24 14:00:21,356 - /python/flask_test/controller/send_request_test.py[line:33] - INFO: {'name': 'send2', 'id': '1041', 'new_time': 1614146421.3563368, 'stop_time': '0', 'info': 'stop'}
2021-02-24 14:00:21,370 - /python/flask_test/controller/send_request_test.py[line:33] - INFO: {'name': 'send3', 'id': '2028', 'new_time': 1614146421.3702574, 'stop_time': '0', 'info': 'stop'}
2021-02-24 14:00:21,371 - /python/flask_test/controller/send_request_test.py[line:29] - INFO: {'name': 'send2', 'id': '1042', 'new_time': 1614146421.3719661, 'stop_time': '0', 'info': 'start'}
2021-02-24 14:00:21,386 - /python/flask_test/controller/send_request_test.py[line:29] - INFO: {'name': 'send3', 'id': '2029', 'new_time': 1614146421.386838, 'stop_time': '0', 'info': 'start'}
2021-02-24 14:00:21,401 - /python/flask_test/controller/send_request_test.py[line:33] - INFO: {'name': 'send2', 'id': '1042', 'new_time': 1614146421.4017847, 'stop_time': '0', 'info': 'stop'}
2021-02-24 14:00:21,416 - /python/flask_test/controller/send_request_test.py[line:29] - INFO: {'name': 'send2', 'id': '1043', 'new_time': 1614146421.416539, 'stop_time': '0', 'info': 'start'}
2021-02-24 14:00:21,450 - /python/flask_test/controller/send_request_test.py[line:33] - INFO: {'name': 'send2', 'id': '1043', 'new_time': 1614146421.450608, 'stop_time': '0', 'info': 'stop'}
2021-02-24 14:00:21,469 - /python/flask_test/controller/send_request_test.py[line:29] - INFO: {'name': 'send2', 'id': '1044', 'new_time': 1614146421.4699368, 'stop_time': '0', 'info': 'start'}
2021-02-24 14:00:21,504 - /python/flask_test/controller/send_request_test.py[line:33] - INFO: {'name': 'send2', 'id': '1044', 'new_time': 1614146421.5048594, 'stop_time': '0', 'info': 'stop'}
2021-02-24 14:00:21,519 - /python/flask_test/controller/send_request_test.py[line:29] - INFO: {'name': 'send2', 'id': '1045', 'new_time': 1614146421.519722, 'stop_time': '0', 'info': 'start'}
2021-02-24 14:00:21,540 - /python/flask_test/controller/send_request_test.py[line:33] - INFO: {'name': 'send2', 'id': '1045', 'new_time': 1614146421.5406826, 'stop_time': '0', 'info': 'stop'}
2021-02-24 14:00:21,557 - /python/flask_test/controller/send_request_test.py[line:29] - INFO: {'name': 'send2', 'id': '1046', 'new_time': 1614146421.5572014, 'stop_time': '0', 'info': 'start'}
2021-02-24 14:00:21,578 - /python/flask_test/controller/send_request_test.py[line:33] - INFO: {'name': 'send2', 'id': '1046', 'new_time': 1614146421.578316, 'stop_time': '0', 'info': 'stop'}
2021-02-24 14:00:21,593 - /python/flask_test/controller/send_request_test.py[line:29] - INFO: {'name': 'send2', 'id': '1047', 'new_time': 1614146421.5930474, 'stop_time': '0', 'info': 'start'}
2021-02-24 14:00:21,830 - /python/flask_test/controller/send_request_test.py[line:33] - INFO: {'name': 'send1', 'id': '17', 'new_time': 1614146421.8306885, 'stop_time': '1', 'info': 'stop'}
2021-02-24 14:00:21,834 - /python/flask_test/controller/send_request_test.py[line:33] - INFO: {'name': 'send2', 'id': '1047', 'new_time': 1614146421.8345287, 'stop_time': '0', 'info': 'stop'}
2021-02-24 14:00:21,845 - /python/flask_test/controller/send_request_test.py[line:29] - INFO: {'name': 'send1', 'id': '18', 'new_time': 1614146421.8451977, 'stop_time': '1', 'info': 'start'}
2021-02-24 14:00:21,848 - /python/flask_test/controller/send_request_test.py[line:29] - INFO: {'name': 'send2', 'id': '1048', 'new_time': 1614146421.8486485, 'stop_time': '0', 'info': 'start'}
2021-02-24 14:00:21,888 - /python/flask_test/controller/send_request_test.py[line:33] - INFO: {'name': 'send2', 'id': '1048', 'new_time': 1614146421.8886623, 'stop_time': '0', 'info': 'stop'}
2021-02-24 14:00:21,905 - /python/flask_test/controller/send_request_test.py[line:29] - INFO: {'name': 'send2', 'id': '1049', 'new_time': 1614146421.9057431, 'stop_time': '0', 'info': 'start'}
2021-02-24 14:00:21,937 - /python/flask_test/controller/send_request_test.py[line:33] - INFO: {'name': 'send2', 'id': '1049', 'new_time': 1614146421.937032, 'stop_time': '0', 'info': 'stop'}
2021-02-24 14:00:21,952 - /python/flask_test/controller/send_request_test.py[line:29] - INFO: {'name': 'send2', 'id': '1050', 'new_time': 1614146421.9520018, 'stop_time': '0', 'info': 'start'}
2021-02-24 14:00:21,980 - /python/flask_test/controller/send_request_test.py[line:33] - INFO: {'name': 'send2', 'id': '1050', 'new_time': 1614146421.9803028, 'stop_time': '0', 'info': 'stop'}
2021-02-24 14:00:21,995 - /python/flask_test/controller/send_request_test.py[line:29] - INFO: {'name': 'send2', 'id': '1051', 'new_time': 1614146421.9953494, 'stop_time': '0', 'info': 'start'}
2021-02-24 14:00:22,051 - /python/flask_test/controller/send_request_test.py[line:33] - INFO: {'name': 'send2', 'id': '1051', 'new_time': 1614146422.0512903, 'stop_time': '0', 'info': 'stop'}
2021-02-24 14:00:22,057 - /python/flask_test/controller/send_request_test.py[line:33] - INFO: {'name': 'send3', 'id': '2029', 'new_time': 1614146422.0574105, 'stop_time': '0', 'info': 'stop'}
2021-02-24 14:00:22,075 - /python/flask_test/controller/send_request_test.py[line:29] - INFO: {'name': 'send3', 'id': '2030', 'new_time': 1614146422.0751636, 'stop_time': '0', 'info': 'start'}
2021-02-24 14:00:22,079 - /python/flask_test/controller/send_request_test.py[line:29] - INFO: {'name': 'send2', 'id': '1052', 'new_time': 1614146422.0795267, 'stop_time': '0', 'info': 'start'}
2021-02-24 14:00:22,094 - /python/flask_test/controller/send_request_test.py[line:33] - INFO: {'name': 'send3', 'id': '2030', 'new_time': 1614146422.0944505, 'stop_time': '0', 'info': 'stop'}
2021-02-24 14:00:22,109 - /python/flask_test/controller/send_request_test.py[line:29] - INFO: {'name': 'send3', 'id': '2031', 'new_time': 1614146422.109639, 'stop_time': '0', 'info': 'start'}
2021-02-24 14:00:22,123 - /python/flask_test/controller/send_request_test.py[line:33] - INFO: {'name': 'send3', 'id': '2031', 'new_time': 1614146422.1236749, 'stop_time': '0', 'info': 'stop'}
2021-02-24 14:00:22,138 - /python/flask_test/controller/send_request_test.py[line:29] - INFO: {'name': 'send3', 'id': '2032', 'new_time': 1614146422.1385217, 'stop_time': '0', 'info': 'start'}
2021-02-24 14:00:22,161 - /python/flask_test/controller/send_request_test.py[line:33] - INFO: {'name': 'send3', 'id': '2032', 'new_time': 1614146422.161342, 'stop_time': '0', 'info': 'stop'}
2021-02-24 14:00:22,175 - /python/flask_test/controller/send_request_test.py[line:29] - INFO: {'name': 'send3', 'id': '2033', 'new_time': 1614146422.1758537, 'stop_time': '0', 'info': 'start'}
2021-02-24 14:00:22,337 - /python/flask_test/controller/send_request_test.py[line:33] - INFO: {'name': 'send2', 'id': '1052', 'new_time': 1614146422.337312, 'stop_time': '0', 'info': 'stop'}
2021-02-24 14:00:22,353 - /python/flask_test/controller/send_request_test.py[line:29] - INFO: {'name': 'send2', 'id': '1053', 'new_time': 1614146422.3539133, 'stop_time': '0', 'info': 'start'}
2021-02-24 14:00:22,424 - /python/flask_test/controller/send_request_test.py[line:33] - INFO: {'name': 'send3', 'id': '2033', 'new_time': 1614146422.4246597, 'stop_time': '0', 'info': 'stop'}
2021-02-24 14:00:22,440 - /python/flask_test/controller/send_request_test.py[line:29] - INFO: {'name': 'send3', 'id': '2034', 'new_time': 1614146422.4401948, 'stop_time': '0', 'info': 'start'}
2021-02-24 14:00:22,477 - /python/flask_test/controller/send_request_test.py[line:33] - INFO: {'name': 'send3', 'id': '2034', 'new_time': 1614146422.4772174, 'stop_time': '0', 'info': 'stop'}
2021-02-24 14:00:22,499 - /python/flask_test/controller/send_request_test.py[line:29] - INFO: {'name': 'send3', 'id': '2035', 'new_time': 1614146422.4995651, 'stop_time': '0', 'info': 'start'}
2021-02-24 14:00:22,610 - /python/flask_test/controller/send_request_test.py[line:33] - INFO: {'name': 'send2', 'id': '1053', 'new_time': 1614146422.61025, 'stop_time': '0', 'info': 'stop'}
2021-02-24 14:00:22,626 - /python/flask_test/controller/send_request_test.py[line:29] - INFO: {'name': 'send2', 'id': '1054', 'new_time': 1614146422.6262317, 'stop_time': '0', 'info': 'start'}
2021-02-24 14:00:22,648 - /python/flask_test/controller/send_request_test.py[line:33] - INFO: {'name': 'send2', 'id': '1054', 'new_time': 1614146422.6488435, 'stop_time': '0', 'info': 'stop'}
2021-02-24 14:00:22,721 - /python/flask_test/controller/send_request_test.py[line:33] - INFO: {'name': 'send3', 'id': '2035', 'new_time': 1614146422.7217073, 'stop_time': '0', 'info': 'stop'}
2021-02-24 14:00:22,736 - /python/flask_test/controller/send_request_test.py[line:29] - INFO: {'name': 'send3', 'id': '2036', 'new_time': 1614146422.7362018, 'stop_time': '0', 'info': 'start'}
2021-02-24 14:00:22,749 - /python/flask_test/controller/send_request_test.py[line:33] - INFO: {'name': 'send3', 'id': '2036', 'new_time': 1614146422.7495394, 'stop_time': '0', 'info': 'stop'}
2021-02-24 14:00:22,765 - /python/flask_test/controller/send_request_test.py[line:29] - INFO: {'name': 'send3', 'id': '2037', 'new_time': 1614146422.7658396, 'stop_time': '0', 'info': 'start'}
2021-02-24 14:00:22,880 - /python/flask_test/controller/send_request_test.py[line:33] - INFO: {'name': 'send1', 'id': '18', 'new_time': 1614146422.8805168, 'stop_time': '1', 'info': 'stop'}
2021-02-24 14:00:22,894 - /python/flask_test/controller/send_request_test.py[line:29] - INFO: {'name': 'send1', 'id': '19', 'new_time': 1614146422.894582, 'stop_time': '1', 'info': 'start'}
2021-02-24 14:00:22,999 - /python/flask_test/controller/send_request_test.py[line:33] - INFO: {'name': 'send3', 'id': '2037', 'new_time': 1614146422.9996846, 'stop_time': '0', 'info': 'stop'}
2021-02-24 14:00:23,021 - /python/flask_test/controller/send_request_test.py[line:29] - INFO: {'name': 'send3', 'id': '2038', 'new_time': 1614146423.0214243, 'stop_time': '0', 'info': 'start'}
2021-02-24 14:00:23,062 - /python/flask_test/controller/send_request_test.py[line:33] - INFO: {'name': 'send3', 'id': '2038', 'new_time': 1614146423.0627794, 'stop_time': '0', 'info': 'stop'}
2021-02-24 14:00:23,078 - /python/flask_test/controller/send_request_test.py[line:29] - INFO: {'name': 'send3', 'id': '2039', 'new_time': 1614146423.0784085, 'stop_time': '0', 'info': 'start'}
2021-02-24 14:00:23,089 - /python/flask_test/controller/send_request_test.py[line:29] - INFO: {'name': 'send2', 'id': '1055', 'new_time': 1614146423.0899575, 'stop_time': '0', 'info': 'start'}
2021-02-24 14:00:23,095 - /python/flask_test/controller/send_request_test.py[line:33] - INFO: {'name': 'send3', 'id': '2039', 'new_time': 1614146423.0958283, 'stop_time': '0', 'info': 'stop'}
2021-02-24 14:00:23,112 - /python/flask_test/controller/send_request_test.py[line:33] - INFO: {'name': 'send2', 'id': '1055', 'new_time': 1614146423.1120794, 'stop_time': '0', 'info': 'stop'}
2021-02-24 14:00:23,112 - /python/flask_test/controller/send_request_test.py[line:29] - INFO: {'name': 'send3', 'id': '2040', 'new_time': 1614146423.1129153, 'stop_time': '0', 'info': 'start'}
2021-02-24 14:00:23,131 - /python/flask_test/controller/send_request_test.py[line:29] - INFO: {'name': 'send2', 'id': '1056', 'new_time': 1614146423.1315148, 'stop_time': '0', 'info': 'start'}
2021-02-24 14:00:23,143 - /python/flask_test/controller/send_request_test.py[line:33] - INFO: {'name': 'send3', 'id': '2040', 'new_time': 1614146423.143165, 'stop_time': '0', 'info': 'stop'}
2021-02-24 14:00:23,157 - /python/flask_test/controller/send_request_test.py[line:29] - INFO: {'name': 'send3', 'id': '2041', 'new_time': 1614146423.157002, 'stop_time': '0', 'info': 'start'}
2021-02-24 14:00:23,181 - /python/flask_test/controller/send_request_test.py[line:33] - INFO: {'name': 'send3', 'id': '2041', 'new_time': 1614146423.1810665, 'stop_time': '0', 'info': 'stop'}
2021-02-24 14:00:23,197 - /python/flask_test/controller/send_request_test.py[line:29] - INFO: {'name': 'send3', 'id': '2042', 'new_time': 1614146423.1973948, 'stop_time': '0', 'info': 'start'}
2021-02-24 14:00:23,233 - /python/flask_test/controller/send_request_test.py[line:33] - INFO: {'name': 'send3', 'id': '2042', 'new_time': 1614146423.2337122, 'stop_time': '0', 'info': 'stop'}
2021-02-24 14:00:23,249 - /python/flask_test/controller/send_request_test.py[line:29] - INFO: {'name': 'send3', 'id': '2043', 'new_time': 1614146423.2499418, 'stop_time': '0', 'info': 'start'}
2021-02-24 14:00:23,268 - /python/flask_test/controller/send_request_test.py[line:33] - INFO: {'name': 'send3', 'id': '2043', 'new_time': 1614146423.2689102, 'stop_time': '0', 'info': 'stop'}
2021-02-24 14:00:23,285 - /python/flask_test/controller/send_request_test.py[line:29] - INFO: {'name': 'send3', 'id': '2044', 'new_time': 1614146423.2852898, 'stop_time': '0', 'info': 'start'}
2021-02-24 14:00:23,308 - /python/flask_test/controller/send_request_test.py[line:33] - INFO: {'name': 'send3', 'id': '2044', 'new_time': 1614146423.3083346, 'stop_time': '0', 'info': 'stop'}
2021-02-24 14:00:23,324 - /python/flask_test/controller/send_request_test.py[line:29] - INFO: {'name': 'send3', 'id': '2045', 'new_time': 1614146423.324695, 'stop_time': '0', 'info': 'start'}
2021-02-24 14:00:23,347 - /python/flask_test/controller/send_request_test.py[line:33] - INFO: {'name': 'send3', 'id': '2045', 'new_time': 1614146423.3475375, 'stop_time': '0', 'info': 'stop'}
2021-02-24 14:00:23,361 - /python/flask_test/controller/send_request_test.py[line:29] - INFO: {'name': 'send3', 'id': '2046', 'new_time': 1614146423.3614118, 'stop_time': '0', 'info': 'start'}
2021-02-24 14:00:23,368 - /python/flask_test/controller/send_request_test.py[line:33] - INFO: {'name': 'send2', 'id': '1056', 'new_time': 1614146423.3686929, 'stop_time': '0', 'info': 'stop'}
2021-02-24 14:00:23,383 - /python/flask_test/controller/send_request_test.py[line:33] - INFO: {'name': 'send3', 'id': '2046', 'new_time': 1614146423.3831644, 'stop_time': '0', 'info': 'stop'}
2021-02-24 14:00:23,391 - /python/flask_test/controller/send_request_test.py[line:29] - INFO: {'name': 'send2', 'id': '1057', 'new_time': 1614146423.3914244, 'stop_time': '0', 'info': 'start'}
2021-02-24 14:00:23,398 - /python/flask_test/controller/send_request_test.py[line:29] - INFO: {'name': 'send3', 'id': '2047', 'new_time': 1614146423.3981466, 'stop_time': '0', 'info': 'start'}
2021-02-24 14:00:23,411 - /python/flask_test/controller/send_request_test.py[line:33] - INFO: {'name': 'send2', 'id': '1057', 'new_time': 1614146423.411126, 'stop_time': '0', 'info': 'stop'}
2021-02-24 14:00:23,424 - /python/flask_test/controller/send_request_test.py[line:29] - INFO: {'name': 'send2', 'id': '1058', 'new_time': 1614146423.4249218, 'stop_time': '0', 'info': 'start'}
2021-02-24 14:00:23,439 - /python/flask_test/controller/send_request_test.py[line:33] - INFO: {'name': 'send2', 'id': '1058', 'new_time': 1614146423.4391017, 'stop_time': '0', 'info': 'stop'}
2021-02-24 14:00:23,454 - /python/flask_test/controller/send_request_test.py[line:29] - INFO: {'name': 'send2', 'id': '1059', 'new_time': 1614146423.4545987, 'stop_time': '0', 'info': 'start'}
2021-02-24 14:00:23,483 - /python/flask_test/controller/send_request_test.py[line:33] - INFO: {'name': 'send2', 'id': '1059', 'new_time': 1614146423.4830248, 'stop_time': '0', 'info': 'stop'}
2021-02-24 14:00:23,499 - /python/flask_test/controller/send_request_test.py[line:29] - INFO: {'name': 'send2', 'id': '1060', 'new_time': 1614146423.4996486, 'stop_time': '0', 'info': 'start'}
2021-02-24 14:00:23,514 - /python/flask_test/controller/send_request_test.py[line:33] - INFO: {'name': 'send2', 'id': '1060', 'new_time': 1614146423.5144603, 'stop_time': '0', 'info': 'stop'}
2021-02-24 14:00:23,529 - /python/flask_test/controller/send_request_test.py[line:29] - INFO: {'name': 'send2', 'id': '1061', 'new_time': 1614146423.5293322, 'stop_time': '0', 'info': 'start'}
2021-02-24 14:00:23,569 - /python/flask_test/controller/send_request_test.py[line:33] - INFO: {'name': 'send2', 'id': '1061', 'new_time': 1614146423.569939, 'stop_time': '0', 'info': 'stop'}
2021-02-24 14:00:23,587 - /python/flask_test/controller/send_request_test.py[line:29] - INFO: {'name': 'send2', 'id': '1062', 'new_time': 1614146423.587222, 'stop_time': '0', 'info': 'start'}
2021-02-24 14:00:23,611 - /python/flask_test/controller/send_request_test.py[line:33] - INFO: {'name': 'send2', 'id': '1062', 'new_time': 1614146423.6113625, 'stop_time': '0', 'info': 'stop'}
2021-02-24 14:00:23,632 - /python/flask_test/controller/send_request_test.py[line:29] - INFO: {'name': 'send2', 'id': '1063', 'new_time': 1614146423.63223, 'stop_time': '0', 'info': 'start'}
2021-02-24 14:00:23,637 - /python/flask_test/controller/send_request_test.py[line:33] - INFO: {'name': 'send3', 'id': '2047', 'new_time': 1614146423.6378415, 'stop_time': '0', 'info': 'stop'}
2021-02-24 14:00:23,660 - /python/flask_test/controller/send_request_test.py[line:29] - INFO: {'name': 'send3', 'id': '2048', 'new_time': 1614146423.6608303, 'stop_time': '0', 'info': 'start'}
2021-02-24 14:00:23,673 - /python/flask_test/controller/send_request_test.py[line:33] - INFO: {'name': 'send2', 'id': '1063', 'new_time': 1614146423.6738052, 'stop_time': '0', 'info': 'stop'}
2021-02-24 14:00:23,689 - /python/flask_test/controller/send_request_test.py[line:29] - INFO: {'name': 'send2', 'id': '1064', 'new_time': 1614146423.6894083, 'stop_time': '0', 'info': 'start'}
2021-02-24 14:00:23,710 - /python/flask_test/controller/send_request_test.py[line:33] - INFO: {'name': 'send2', 'id': '1064', 'new_time': 1614146423.7107139, 'stop_time': '0', 'info': 'stop'}
2021-02-24 14:00:23,725 - /python/flask_test/controller/send_request_test.py[line:29] - INFO: {'name': 'send2', 'id': '1065', 'new_time': 1614146423.7256095, 'stop_time': '0', 'info': 'start'}
2021-02-24 14:00:23,777 - /python/flask_test/controller/send_request_test.py[line:33] - INFO: {'name': 'send2', 'id': '1065', 'new_time': 1614146423.7779748, 'stop_time': '0', 'info': 'stop'}
2021-02-24 14:00:23,794 - /python/flask_test/controller/send_request_test.py[line:29] - INFO: {'name': 'send2', 'id': '1066', 'new_time': 1614146423.7943692, 'stop_time': '0', 'info': 'start'}
2021-02-24 14:00:23,815 - /python/flask_test/controller/send_request_test.py[line:33] - INFO: {'name': 'send2', 'id': '1066', 'new_time': 1614146423.8152277, 'stop_time': '0', 'info': 'stop'}
2021-02-24 14:00:23,829 - /python/flask_test/controller/send_request_test.py[line:29] - INFO: {'name': 'send2', 'id': '1067', 'new_time': 1614146423.829387, 'stop_time': '0', 'info': 'start'}
2021-02-24 14:00:23,907 - /python/flask_test/controller/send_request_test.py[line:33] - INFO: {'name': 'send3', 'id': '2048', 'new_time': 1614146423.9077606, 'stop_time': '0', 'info': 'stop'}
2021-02-24 14:00:23,924 - /python/flask_test/controller/send_request_test.py[line:29] - INFO: {'name': 'send3', 'id': '2049', 'new_time': 1614146423.9243155, 'stop_time': '0', 'info': 'start'}
2021-02-24 14:00:23,949 - /python/flask_test/controller/send_request_test.py[line:33] - INFO: {'name': 'send3', 'id': '2049', 'new_time': 1614146423.9497464, 'stop_time': '0', 'info': 'stop'}
2021-02-24 14:00:23,965 - /python/flask_test/controller/send_request_test.py[line:29] - INFO: {'name': 'send3', 'id': '2050', 'new_time': 1614146423.965479, 'stop_time': '0', 'info': 'start'}
2021-02-24 14:00:23,987 - /python/flask_test/controller/send_request_test.py[line:33] - INFO: {'name': 'send3', 'id': '2050', 'new_time': 1614146423.9876306, 'stop_time': '0', 'info': 'stop'}
2021-02-24 14:00:24,005 - /python/flask_test/controller/send_request_test.py[line:29] - INFO: {'name': 'send3', 'id': '2051', 'new_time': 1614146424.0051467, 'stop_time': '0', 'info': 'start'}
2021-02-24 14:00:24,036 - /python/flask_test/controller/send_request_test.py[line:33] - INFO: {'name': 'send3', 'id': '2051', 'new_time': 1614146424.036492, 'stop_time': '0', 'info': 'stop'}
2021-02-24 14:00:24,060 - /python/flask_test/controller/send_request_test.py[line:33] - INFO: {'name': 'send2', 'id': '1067', 'new_time': 1614146424.0604887, 'stop_time': '0', 'info': 'stop'}
2021-02-24 14:00:24,061 - /python/flask_test/controller/send_request_test.py[line:29] - INFO: {'name': 'send3', 'id': '2052', 'new_time': 1614146424.061628, 'stop_time': '0', 'info': 'start'}
2021-02-24 14:00:24,080 - /python/flask_test/controller/send_request_test.py[line:29] - INFO: {'name': 'send2', 'id': '1068', 'new_time': 1614146424.0809698, 'stop_time': '0', 'info': 'start'}
2021-02-24 14:00:24,100 - /python/flask_test/controller/send_request_test.py[line:33] - INFO: {'name': 'send3', 'id': '2052', 'new_time': 1614146424.1005147, 'stop_time': '0', 'info': 'stop'}
2021-02-24 14:00:24,112 - /python/flask_test/controller/send_request_test.py[line:33] - INFO: {'name': 'send2', 'id': '1068', 'new_time': 1614146424.11227, 'stop_time': '0', 'info': 'stop'}
2021-02-24 14:00:24,127 - /python/flask_test/controller/send_request_test.py[line:29] - INFO: {'name': 'send3', 'id': '2053', 'new_time': 1614146424.1276958, 'stop_time': '0', 'info': 'start'}
2021-02-24 14:00:24,135 - /python/flask_test/controller/send_request_test.py[line:33] - INFO: {'name': 'send1', 'id': '19', 'new_time': 1614146424.1350613, 'stop_time': '1', 'info': 'stop'}
2021-02-24 14:00:24,138 - /python/flask_test/controller/send_request_test.py[line:29] - INFO: {'name': 'send2', 'id': '1069', 'new_time': 1614146424.1381779, 'stop_time': '0', 'info': 'start'}
2021-02-24 14:00:24,147 - /python/flask_test/controller/send_request_test.py[line:33] - INFO: {'name': 'send3', 'id': '2053', 'new_time': 1614146424.1472118, 'stop_time': '0', 'info': 'stop'}
2021-02-24 14:00:24,152 - /python/flask_test/controller/send_request_test.py[line:29] - INFO: {'name': 'send1', 'id': '20', 'new_time': 1614146424.1523325, 'stop_time': '1', 'info': 'start'}
2021-02-24 14:00:24,156 - /python/flask_test/controller/send_request_test.py[line:33] - INFO: {'name': 'send2', 'id': '1069', 'new_time': 1614146424.1567423, 'stop_time': '0', 'info': 'stop'}
2021-02-24 14:00:24,178 - /python/flask_test/controller/send_request_test.py[line:29] - INFO: {'name': 'send2', 'id': '1070', 'new_time': 1614146424.1788683, 'stop_time': '0', 'info': 'start'}
2021-02-24 14:00:24,200 - /python/flask_test/controller/send_request_test.py[line:33] - INFO: {'name': 'send2', 'id': '1070', 'new_time': 1614146424.2007833, 'stop_time': '0', 'info': 'stop'}
2021-02-24 14:00:24,236 - /python/flask_test/controller/send_request_test.py[line:29] - INFO: {'name': 'send3', 'id': '2054', 'new_time': 1614146424.2367048, 'stop_time': '0', 'info': 'start'}
2021-02-24 14:00:24,243 - /python/flask_test/controller/send_request_test.py[line:29] - INFO: {'name': 'send2', 'id': '1071', 'new_time': 1614146424.2438352, 'stop_time': '0', 'info': 'start'}
2021-02-24 14:00:24,284 - /python/flask_test/controller/send_request_test.py[line:33] - INFO: {'name': 'send2', 'id': '1071', 'new_time': 1614146424.2840652, 'stop_time': '0', 'info': 'stop'}
2021-02-24 14:00:24,300 - /python/flask_test/controller/send_request_test.py[line:29] - INFO: {'name': 'send2', 'id': '1072', 'new_time': 1614146424.3006105, 'stop_time': '0', 'info': 'start'}
2021-02-24 14:00:24,531 - /python/flask_test/controller/send_request_test.py[line:33] - INFO: {'name': 'send2', 'id': '1072', 'new_time': 1614146424.5316634, 'stop_time': '0', 'info': 'stop'}
2021-02-24 14:00:24,550 - /python/flask_test/controller/send_request_test.py[line:29] - INFO: {'name': 'send2', 'id': '1073', 'new_time': 1614146424.550871, 'stop_time': '0', 'info': 'start'}
2021-02-24 14:00:24,565 - /python/flask_test/controller/send_request_test.py[line:33] - INFO: {'name': 'send2', 'id': '1073', 'new_time': 1614146424.565012, 'stop_time': '0', 'info': 'stop'}
2021-02-24 14:00:24,579 - /python/flask_test/controller/send_request_test.py[line:29] - INFO: {'name': 'send2', 'id': '1074', 'new_time': 1614146424.5799396, 'stop_time': '0', 'info': 'start'}
2021-02-24 14:00:24,686 - /python/flask_test/controller/send_request_test.py[line:33] - INFO: {'name': 'send3', 'id': '2054', 'new_time': 1614146424.68676, 'stop_time': '0', 'info': 'stop'}
2021-02-24 14:00:24,703 - /python/flask_test/controller/send_request_test.py[line:29] - INFO: {'name': 'send3', 'id': '2055', 'new_time': 1614146424.7036755, 'stop_time': '0', 'info': 'start'}
2021-02-24 14:00:24,717 - /python/flask_test/controller/send_request_test.py[line:33] - INFO: {'name': 'send3', 'id': '2055', 'new_time': 1614146424.7174416, 'stop_time': '0', 'info': 'stop'}
2021-02-24 14:00:24,733 - /python/flask_test/controller/send_request_test.py[line:29] - INFO: {'name': 'send3', 'id': '2056', 'new_time': 1614146424.7331758, 'stop_time': '0', 'info': 'start'}
2021-02-24 14:00:24,770 - /python/flask_test/controller/send_request_test.py[line:33] - INFO: {'name': 'send3', 'id': '2056', 'new_time': 1614146424.770168, 'stop_time': '0', 'info': 'stop'}
2021-02-24 14:00:24,786 - /python/flask_test/controller/send_request_test.py[line:29] - INFO: {'name': 'send3', 'id': '2057', 'new_time': 1614146424.786636, 'stop_time': '0', 'info': 'start'}
2021-02-24 14:00:24,806 - /python/flask_test/controller/send_request_test.py[line:33] - INFO: {'name': 'send3', 'id': '2057', 'new_time': 1614146424.8069465, 'stop_time': '0', 'info': 'stop'}
2021-02-24 14:00:24,810 - /python/flask_test/controller/send_request_test.py[line:33] - INFO: {'name': 'send2', 'id': '1074', 'new_time': 1614146424.8108213, 'stop_time': '0', 'info': 'stop'}
2021-02-24 14:00:24,824 - /python/flask_test/controller/send_request_test.py[line:29] - INFO: {'name': 'send3', 'id': '2058', 'new_time': 1614146424.824791, 'stop_time': '0', 'info': 'start'}
2021-02-24 14:00:24,826 - /python/flask_test/controller/send_request_test.py[line:29] - INFO: {'name': 'send2', 'id': '1075', 'new_time': 1614146424.825993, 'stop_time': '0', 'info': 'start'}
2021-02-24 14:00:24,853 - /python/flask_test/controller/send_request_test.py[line:33] - INFO: {'name': 'send2', 'id': '1075', 'new_time': 1614146424.8531423, 'stop_time': '0', 'info': 'stop'}
2021-02-24 14:00:24,855 - /python/flask_test/controller/send_request_test.py[line:33] - INFO: {'name': 'send3', 'id': '2058', 'new_time': 1614146424.8558002, 'stop_time': '0', 'info': 'stop'}
2021-02-24 14:00:24,871 - /python/flask_test/controller/send_request_test.py[line:29] - INFO: {'name': 'send3', 'id': '2059', 'new_time': 1614146424.8714387, 'stop_time': '0', 'info': 'start'}
2021-02-24 14:00:24,885 - /python/flask_test/controller/send_request_test.py[line:33] - INFO: {'name': 'send3', 'id': '2059', 'new_time': 1614146424.8852122, 'stop_time': '0', 'info': 'stop'}
2021-02-24 14:00:24,900 - /python/flask_test/controller/send_request_test.py[line:29] - INFO: {'name': 'send3', 'id': '2060', 'new_time': 1614146424.900107, 'stop_time': '0', 'info': 'start'}
2021-02-24 14:00:24,915 - /python/flask_test/controller/send_request_test.py[line:33] - INFO: {'name': 'send3', 'id': '2060', 'new_time': 1614146424.915211, 'stop_time': '0', 'info': 'stop'}
2021-02-24 14:00:24,930 - /python/flask_test/controller/send_request_test.py[line:29] - INFO: {'name': 'send3', 'id': '2061', 'new_time': 1614146424.9305415, 'stop_time': '0', 'info': 'start'}
2021-02-24 14:00:25,077 - /python/flask_test/controller/send_request_test.py[line:29] - INFO: {'name': 'send2', 'id': '1076', 'new_time': 1614146425.077402, 'stop_time': '0', 'info': 'start'}
2021-02-24 14:00:25,093 - /python/flask_test/controller/send_request_test.py[line:33] - INFO: {'name': 'send2', 'id': '1076', 'new_time': 1614146425.0939107, 'stop_time': '0', 'info': 'stop'}
2021-02-24 14:00:25,109 - /python/flask_test/controller/send_request_test.py[line:29] - INFO: {'name': 'send2', 'id': '1077', 'new_time': 1614146425.1091368, 'stop_time': '0', 'info': 'start'}
2021-02-24 14:00:25,127 - /python/flask_test/controller/send_request_test.py[line:33] - INFO: {'name': 'send2', 'id': '1077', 'new_time': 1614146425.12699, 'stop_time': '0', 'info': 'stop'}
2021-02-24 14:00:25,142 - /python/flask_test/controller/send_request_test.py[line:29] - INFO: {'name': 'send2', 'id': '1078', 'new_time': 1614146425.142045, 'stop_time': '0', 'info': 'start'}
2021-02-24 14:00:25,155 - /python/flask_test/controller/send_request_test.py[line:33] - INFO: {'name': 'send2', 'id': '1078', 'new_time': 1614146425.1558077, 'stop_time': '0', 'info': 'stop'}
2021-02-24 14:00:25,173 - /python/flask_test/controller/send_request_test.py[line:33] - INFO: {'name': 'send3', 'id': '2061', 'new_time': 1614146425.1729972, 'stop_time': '0', 'info': 'stop'}
2021-02-24 14:00:25,175 - /python/flask_test/controller/send_request_test.py[line:33] - INFO: {'name': 'send1', 'id': '20', 'new_time': 1614146425.1757262, 'stop_time': '1', 'info': 'stop'}
2021-02-24 14:00:25,200 - /python/flask_test/controller/send_request_test.py[line:29] - INFO: {'name': 'send2', 'id': '1079', 'new_time': 1614146425.200471, 'stop_time': '0', 'info': 'start'}
2021-02-24 14:00:25,204 - /python/flask_test/controller/send_request_test.py[line:29] - INFO: {'name': 'send3', 'id': '2062', 'new_time': 1614146425.2043545, 'stop_time': '0', 'info': 'start'}
2021-02-24 14:00:25,212 - /python/flask_test/controller/send_request_test.py[line:29] - INFO: {'name': 'send1', 'id': '21', 'new_time': 1614146425.212547, 'stop_time': '1', 'info': 'start'}
2021-02-24 14:00:25,245 - /python/flask_test/controller/send_request_test.py[line:33] - INFO: {'name': 'send2', 'id': '1079', 'new_time': 1614146425.2457957, 'stop_time': '0', 'info': 'stop'}
2021-02-24 14:00:25,269 - /python/flask_test/controller/send_request_test.py[line:29] - INFO: {'name': 'send2', 'id': '1080', 'new_time': 1614146425.2692964, 'stop_time': '0', 'info': 'start'}
2021-02-24 14:00:25,283 - /python/flask_test/controller/send_request_test.py[line:33] - INFO: {'name': 'send2', 'id': '1080', 'new_time': 1614146425.2834883, 'stop_time': '0', 'info': 'stop'}
2021-02-24 14:00:25,300 - /python/flask_test/controller/send_request_test.py[line:29] - INFO: {'name': 'send2', 'id': '1081', 'new_time': 1614146425.3003259, 'stop_time': '0', 'info': 'start'}
2021-02-24 14:00:25,341 - /python/flask_test/controller/send_request_test.py[line:33] - INFO: {'name': 'send2', 'id': '1081', 'new_time': 1614146425.3410747, 'stop_time': '0', 'info': 'stop'}
2021-02-24 14:00:25,358 - /python/flask_test/controller/send_request_test.py[line:29] - INFO: {'name': 'send2', 'id': '1082', 'new_time': 1614146425.358363, 'stop_time': '0', 'info': 'start'}
2021-02-24 14:00:25,455 - /python/flask_test/controller/send_request_test.py[line:33] - INFO: {'name': 'send3', 'id': '2062', 'new_time': 1614146425.4553554, 'stop_time': '0', 'info': 'stop'}
2021-02-24 14:00:25,471 - /python/flask_test/controller/send_request_test.py[line:29] - INFO: {'name': 'send3', 'id': '2063', 'new_time': 1614146425.4719234, 'stop_time': '0', 'info': 'start'}
2021-02-24 14:00:25,715 - /python/flask_test/controller/send_request_test.py[line:33] - INFO: {'name': 'send3', 'id': '2063', 'new_time': 1614146425.7159247, 'stop_time': '0', 'info': 'stop'}
2021-02-24 14:00:25,731 - /python/flask_test/controller/send_request_test.py[line:29] - INFO: {'name': 'send3', 'id': '2064', 'new_time': 1614146425.7315285, 'stop_time': '0', 'info': 'start'}
2021-02-24 14:00:25,746 - /python/flask_test/controller/send_request_test.py[line:33] - INFO: {'name': 'send3', 'id': '2064', 'new_time': 1614146425.7460122, 'stop_time': '0', 'info': 'stop'}
2021-02-24 14:00:25,762 - /python/flask_test/controller/send_request_test.py[line:29] - INFO: {'name': 'send3', 'id': '2065', 'new_time': 1614146425.7628076, 'stop_time': '0', 'info': 'start'}
2021-02-24 14:00:25,781 - /python/flask_test/controller/send_request_test.py[line:33] - INFO: {'name': 'send3', 'id': '2065', 'new_time': 1614146425.781653, 'stop_time': '0', 'info': 'stop'}
2021-02-24 14:00:25,797 - /python/flask_test/controller/send_request_test.py[line:29] - INFO: {'name': 'send3', 'id': '2066', 'new_time': 1614146425.7975352, 'stop_time': '0', 'info': 'start'}
2021-02-24 14:00:26,003 - /python/flask_test/controller/send_request_test.py[line:33] - INFO: {'name': 'send2', 'id': '1082', 'new_time': 1614146426.0037374, 'stop_time': '0', 'info': 'stop'}
2021-02-24 14:00:26,018 - /python/flask_test/controller/send_request_test.py[line:29] - INFO: {'name': 'send2', 'id': '1083', 'new_time': 1614146426.0188017, 'stop_time': '0', 'info': 'start'}
2021-02-24 14:00:26,032 - /python/flask_test/controller/send_request_test.py[line:33] - INFO: {'name': 'send2', 'id': '1083', 'new_time': 1614146426.0329728, 'stop_time': '0', 'info': 'stop'}
2021-02-24 14:00:26,049 - /python/flask_test/controller/send_request_test.py[line:29] - INFO: {'name': 'send2', 'id': '1084', 'new_time': 1614146426.0490768, 'stop_time': '0', 'info': 'start'}
2021-02-24 14:00:26,072 - /python/flask_test/controller/send_request_test.py[line:33] - INFO: {'name': 'send2', 'id': '1084', 'new_time': 1614146426.0726662, 'stop_time': '0', 'info': 'stop'}
2021-02-24 14:00:26,088 - /python/flask_test/controller/send_request_test.py[line:29] - INFO: {'name': 'send2', 'id': '1085', 'new_time': 1614146426.088339, 'stop_time': '0', 'info': 'start'}
2021-02-24 14:00:26,103 - /python/flask_test/controller/send_request_test.py[line:33] - INFO: {'name': 'send2', 'id': '1085', 'new_time': 1614146426.1032634, 'stop_time': '0', 'info': 'stop'}
2021-02-24 14:00:26,120 - /python/flask_test/controller/send_request_test.py[line:29] - INFO: {'name': 'send2', 'id': '1086', 'new_time': 1614146426.1201422, 'stop_time': '0', 'info': 'start'}
2021-02-24 14:00:26,134 - /python/flask_test/controller/send_request_test.py[line:33] - INFO: {'name': 'send2', 'id': '1086', 'new_time': 1614146426.1343637, 'stop_time': '0', 'info': 'stop'}
2021-02-24 14:00:26,150 - /python/flask_test/controller/send_request_test.py[line:29] - INFO: {'name': 'send2', 'id': '1087', 'new_time': 1614146426.1501412, 'stop_time': '0', 'info': 'start'}
2021-02-24 14:00:26,172 - /python/flask_test/controller/send_request_test.py[line:33] - INFO: {'name': 'send2', 'id': '1087', 'new_time': 1614146426.1726718, 'stop_time': '0', 'info': 'stop'}
2021-02-24 14:00:26,187 - /python/flask_test/controller/send_request_test.py[line:29] - INFO: {'name': 'send2', 'id': '1088', 'new_time': 1614146426.1874113, 'stop_time': '0', 'info': 'start'}
2021-02-24 14:00:26,228 - /python/flask_test/controller/send_request_test.py[line:33] - INFO: {'name': 'send1', 'id': '21', 'new_time': 1614146426.228211, 'stop_time': '1', 'info': 'stop'}
2021-02-24 14:00:26,243 - /python/flask_test/controller/send_request_test.py[line:29] - INFO: {'name': 'send1', 'id': '22', 'new_time': 1614146426.243781, 'stop_time': '1', 'info': 'start'}
2021-02-24 14:00:26,422 - /python/flask_test/controller/send_request_test.py[line:33] - INFO: {'name': 'send2', 'id': '1088', 'new_time': 1614146426.4228663, 'stop_time': '0', 'info': 'stop'}
2021-02-24 14:00:26,440 - /python/flask_test/controller/send_request_test.py[line:29] - INFO: {'name': 'send2', 'id': '1089', 'new_time': 1614146426.4407763, 'stop_time': '0', 'info': 'start'}
2021-02-24 14:00:26,443 - /python/flask_test/controller/send_request_test.py[line:33] - INFO: {'name': 'send3', 'id': '2066', 'new_time': 1614146426.443703, 'stop_time': '0', 'info': 'stop'}
2021-02-24 14:00:26,461 - /python/flask_test/controller/send_request_test.py[line:29] - INFO: {'name': 'send3', 'id': '2067', 'new_time': 1614146426.4617352, 'stop_time': '0', 'info': 'start'}
2021-02-24 14:00:26,675 - /python/flask_test/controller/send_request_test.py[line:33] - INFO: {'name': 'send2', 'id': '1089', 'new_time': 1614146426.6750395, 'stop_time': '0', 'info': 'stop'}
2021-02-24 14:00:26,683 - /python/flask_test/controller/send_request_test.py[line:33] - INFO: {'name': 'send3', 'id': '2067', 'new_time': 1614146426.6837804, 'stop_time': '0', 'info': 'stop'}
2021-02-24 14:00:26,691 - /python/flask_test/controller/send_request_test.py[line:29] - INFO: {'name': 'send2', 'id': '1090', 'new_time': 1614146426.6914506, 'stop_time': '0', 'info': 'start'}
2021-02-24 14:00:26,705 - /python/flask_test/controller/send_request_test.py[line:33] - INFO: {'name': 'send2', 'id': '1090', 'new_time': 1614146426.7052436, 'stop_time': '0', 'info': 'stop'}
2021-02-24 14:00:26,912 - /python/flask_test/controller/send_request_test.py[line:29] - INFO: {'name': 'send3', 'id': '2068', 'new_time': 1614146426.9124074, 'stop_time': '0', 'info': 'start'}
2021-02-24 14:00:26,967 - /python/flask_test/controller/send_request_test.py[line:33] - INFO: {'name': 'send3', 'id': '2068', 'new_time': 1614146426.967794, 'stop_time': '0', 'info': 'stop'}
2021-02-24 14:00:26,988 - /python/flask_test/controller/send_request_test.py[line:29] - INFO: {'name': 'send3', 'id': '2069', 'new_time': 1614146426.9887, 'stop_time': '0', 'info': 'start'}
2021-02-24 14:00:27,226 - /python/flask_test/controller/send_request_test.py[line:33] - INFO: {'name': 'send3', 'id': '2069', 'new_time': 1614146427.226677, 'stop_time': '0', 'info': 'stop'}
2021-02-24 14:00:27,240 - /python/flask_test/controller/send_request_test.py[line:29] - INFO: {'name': 'send3', 'id': '2070', 'new_time': 1614146427.2405329, 'stop_time': '0', 'info': 'start'}
2021-02-24 14:00:27,507 - /python/flask_test/controller/send_request_test.py[line:33] - INFO: {'name': 'send1', 'id': '22', 'new_time': 1614146427.5074818, 'stop_time': '1', 'info': 'stop'}
2021-02-24 14:00:27,523 - /python/flask_test/controller/send_request_test.py[line:29] - INFO: {'name': 'send1', 'id': '23', 'new_time': 1614146427.523581, 'stop_time': '1', 'info': 'start'}
2021-02-24 14:00:27,678 - /python/flask_test/controller/send_request_test.py[line:33] - INFO: {'name': 'send3', 'id': '2070', 'new_time': 1614146427.677983, 'stop_time': '0', 'info': 'stop'}
2021-02-24 14:00:27,695 - /python/flask_test/controller/send_request_test.py[line:29] - INFO: {'name': 'send3', 'id': '2071', 'new_time': 1614146427.6958964, 'stop_time': '0', 'info': 'start'}
2021-02-24 14:00:27,710 - /python/flask_test/controller/send_request_test.py[line:33] - INFO: {'name': 'send3', 'id': '2071', 'new_time': 1614146427.710201, 'stop_time': '0', 'info': 'stop'}
2021-02-24 14:00:27,725 - /python/flask_test/controller/send_request_test.py[line:29] - INFO: {'name': 'send3', 'id': '2072', 'new_time': 1614146427.7254796, 'stop_time': '0', 'info': 'start'}
2021-02-24 14:00:27,740 - /python/flask_test/controller/send_request_test.py[line:33] - INFO: {'name': 'send3', 'id': '2072', 'new_time': 1614146427.7406878, 'stop_time': '0', 'info': 'stop'}
2021-02-24 14:00:27,755 - /python/flask_test/controller/send_request_test.py[line:29] - INFO: {'name': 'send3', 'id': '2073', 'new_time': 1614146427.7550368, 'stop_time': '0', 'info': 'start'}
2021-02-24 14:00:27,768 - /python/flask_test/controller/send_request_test.py[line:33] - INFO: {'name': 'send3', 'id': '2073', 'new_time': 1614146427.7688596, 'stop_time': '0', 'info': 'stop'}
2021-02-24 14:00:27,790 - /python/flask_test/controller/send_request_test.py[line:29] - INFO: {'name': 'send3', 'id': '2074', 'new_time': 1614146427.7901762, 'stop_time': '0', 'info': 'start'}
2021-02-24 14:00:28,019 - /python/flask_test/controller/send_request_test.py[line:33] - INFO: {'name': 'send3', 'id': '2074', 'new_time': 1614146428.019084, 'stop_time': '0', 'info': 'stop'}
2021-02-24 14:00:28,034 - /python/flask_test/controller/send_request_test.py[line:29] - INFO: {'name': 'send3', 'id': '2075', 'new_time': 1614146428.0340354, 'stop_time': '0', 'info': 'start'}
2021-02-24 14:00:28,048 - /python/flask_test/controller/send_request_test.py[line:33] - INFO: {'name': 'send3', 'id': '2075', 'new_time': 1614146428.0486991, 'stop_time': '0', 'info': 'stop'}
2021-02-24 14:00:28,063 - /python/flask_test/controller/send_request_test.py[line:29] - INFO: {'name': 'send3', 'id': '2076', 'new_time': 1614146428.0635433, 'stop_time': '0', 'info': 'start'}
2021-02-24 14:00:28,295 - /python/flask_test/controller/send_request_test.py[line:33] - INFO: {'name': 'send3', 'id': '2076', 'new_time': 1614146428.2954721, 'stop_time': '0', 'info': 'stop'}
2021-02-24 14:00:28,770 - /python/flask_test/controller/send_request_test.py[line:33] - INFO: {'name': 'send1', 'id': '23', 'new_time': 1614146428.7708082, 'stop_time': '1', 'info': 'stop'}
2021-02-24 14:00:28,789 - /python/flask_test/controller/send_request_test.py[line:29] - INFO: {'name': 'send1', 'id': '24', 'new_time': 1614146428.7894049, 'stop_time': '1', 'info': 'start'}
2021-02-24 14:00:29,811 - /python/flask_test/controller/send_request_test.py[line:33] - INFO: {'name': 'send1', 'id': '24', 'new_time': 1614146429.8115602, 'stop_time': '1', 'info': 'stop'}
2021-02-24 14:00:29,827 - /python/flask_test/controller/send_request_test.py[line:29] - INFO: {'name': 'send1', 'id': '25', 'new_time': 1614146429.8274865, 'stop_time': '1', 'info': 'start'}
2021-02-24 14:00:30,849 - /python/flask_test/controller/send_request_test.py[line:33] - INFO: {'name': 'send1', 'id': '25', 'new_time': 1614146430.849609, 'stop_time': '1', 'info': 'stop'}
2021-02-24 14:00:30,864 - /python/flask_test/controller/send_request_test.py[line:29] - INFO: {'name': 'send1', 'id': '26', 'new_time': 1614146430.8647525, 'stop_time': '1', 'info': 'start'}
2021-02-24 14:00:32,097 - /python/flask_test/controller/send_request_test.py[line:33] - INFO: {'name': 'send1', 'id': '26', 'new_time': 1614146432.0978355, 'stop_time': '1', 'info': 'stop'}
2021-02-24 14:00:32,113 - /python/flask_test/controller/send_request_test.py[line:29] - INFO: {'name': 'send1', 'id': '27', 'new_time': 1614146432.1135802, 'stop_time': '1', 'info': 'start'}
2021-02-24 14:00:33,136 - /python/flask_test/controller/send_request_test.py[line:33] - INFO: {'name': 'send1', 'id': '27', 'new_time': 1614146433.1361227, 'stop_time': '1', 'info': 'stop'}
2021-02-24 14:00:33,150 - /python/flask_test/controller/send_request_test.py[line:29] - INFO: {'name': 'send1', 'id': '28', 'new_time': 1614146433.1505733, 'stop_time': '1', 'info': 'start'}
2021-02-24 14:00:34,194 - /python/flask_test/controller/send_request_test.py[line:33] - INFO: {'name': 'send1', 'id': '28', 'new_time': 1614146434.1942487, 'stop_time': '1', 'info': 'stop'}
2021-02-24 14:00:34,210 - /python/flask_test/controller/send_request_test.py[line:29] - INFO: {'name': 'send1', 'id': '29', 'new_time': 1614146434.2101228, 'stop_time': '1', 'info': 'start'}
2021-02-24 14:00:35,243 - /python/flask_test/controller/send_request_test.py[line:33] - INFO: {'name': 'send1', 'id': '29', 'new_time': 1614146435.242954, 'stop_time': '1', 'info': 'stop'}
2021-02-24 14:00:35,260 - /python/flask_test/controller/send_request_test.py[line:29] - INFO: {'name': 'send1', 'id': '30', 'new_time': 1614146435.2604373, 'stop_time': '1', 'info': 'start'}
2021-02-24 14:00:36,282 - /python/flask_test/controller/send_request_test.py[line:33] - INFO: {'name': 'send1', 'id': '30', 'new_time': 1614146436.2825894, 'stop_time': '1', 'info': 'stop'}
